[debug] [2025-03-20T03:29:26.808Z] ----------------------------------------------------------------------
[debug] [2025-03-20T03:29:26.811Z] Command:       C:\Program Files\nodejs\node.exe C:\Users\VICTUS\AppData\Roaming\npm\node_modules\firebase-tools\lib\bin\firebase.js init hosting
[debug] [2025-03-20T03:29:26.811Z] CLI Version:   13.34.0
[debug] [2025-03-20T03:29:26.811Z] Platform:      win32
[debug] [2025-03-20T03:29:26.811Z] Node Version:  v22.14.0
[debug] [2025-03-20T03:29:26.812Z] Time:          Wed Mar 19 2025 22:29:26 GMT-0500 (hora estándar de Perú)
[debug] [2025-03-20T03:29:26.812Z] ----------------------------------------------------------------------
[debug] 
[debug] [2025-03-20T03:29:26.817Z] > command requires scopes: ["email","openid","https://www.googleapis.com/auth/cloudplatformprojects.readonly","https://www.googleapis.com/auth/firebase","https://www.googleapis.com/auth/cloud-platform"]
[debug] [2025-03-20T03:29:26.818Z] > authorizing via signed-in user (ruaperezmoises@gmail.com)
[info] 
     ######## #### ########  ######## ########     ###     ######  ########
     ##        ##  ##     ## ##       ##     ##  ##   ##  ##       ##
     ######    ##  ########  ######   ########  #########  ######  ######
     ##        ##  ##    ##  ##       ##     ## ##     ##       ## ##
     ##       #### ##     ## ######## ########  ##     ##  ######  ########

You're about to initialize a Firebase project in this directory:

  C:\Users\VICTUS\Desktop\smile-ecommerce

[info] 
=== Project Setup
[info] 
[info] First, let's associate this project directory with a Firebase project.
[info] You can create multiple project aliases by running firebase use --add, 
[info] but for now we'll just set up a default project.
[info] 
[info] i  If you want to create a project in a Google Cloud organization or folder, please use "firebase projects:create" instead, and return to this command when you've created the project. 
[debug] [2025-03-20T03:30:21.476Z] Checked if tokens are valid: true, expires at: 1742444890454
[debug] [2025-03-20T03:30:21.476Z] Checked if tokens are valid: true, expires at: 1742444890454
[debug] [2025-03-20T03:30:21.477Z] >>> [apiv2][query] POST https://cloudresourcemanager.googleapis.com/v1/projects [none]
[debug] [2025-03-20T03:30:21.477Z] >>> [apiv2][body] POST https://cloudresourcemanager.googleapis.com/v1/projects {"projectId":"SmileWebShop","name":"SmileWebShop"}
[debug] [2025-03-20T03:30:22.547Z] <<< [apiv2][status] POST https://cloudresourcemanager.googleapis.com/v1/projects 400
[debug] [2025-03-20T03:30:22.548Z] <<< [apiv2][body] POST https://cloudresourcemanager.googleapis.com/v1/projects {"error":{"code":400,"message":"field [project_id] has issue [project_id contains invalid characters]","status":"INVALID_ARGUMENT","details":[{"@type":"type.googleapis.com/google.rpc.BadRequest","fieldViolations":[{"field":"project_id","description":"project_id contains invalid characters"}]},{"@type":"type.googleapis.com/google.rpc.Help","links":[{"url":"https://cloud.google.com/resource-manager/reference/rest/v1/projects"}]}]}}
[debug] [2025-03-20T03:30:22.707Z] FirebaseError: Request to https://cloudresourcemanager.googleapis.com/v1/projects had HTTP Error: 400, field [project_id] has issue [project_id contains invalid characters]
    at responseToError (C:\Users\VICTUS\AppData\Roaming\npm\node_modules\firebase-tools\lib\responseToError.js:52:12)
    at RetryOperation._fn (C:\Users\VICTUS\AppData\Roaming\npm\node_modules\firebase-tools\lib\apiv2.js:312:77)
    at process.processTicksAndRejections (node:internal/process/task_queues:105:5)
[error] 
[error] Error: Failed to create project. See firebase-debug.log for more info.
[debug] [2025-03-20T03:30:34.969Z] ----------------------------------------------------------------------
[debug] [2025-03-20T03:30:34.971Z] Command:       C:\Program Files\nodejs\node.exe C:\Users\VICTUS\AppData\Roaming\npm\node_modules\firebase-tools\lib\bin\firebase.js init hosting
[debug] [2025-03-20T03:30:34.972Z] CLI Version:   13.34.0
[debug] [2025-03-20T03:30:34.972Z] Platform:      win32
[debug] [2025-03-20T03:30:34.972Z] Node Version:  v22.14.0
[debug] [2025-03-20T03:30:34.972Z] Time:          Wed Mar 19 2025 22:30:34 GMT-0500 (hora estándar de Perú)
[debug] [2025-03-20T03:30:34.972Z] ----------------------------------------------------------------------
[debug] 
[debug] [2025-03-20T03:30:34.978Z] > command requires scopes: ["email","openid","https://www.googleapis.com/auth/cloudplatformprojects.readonly","https://www.googleapis.com/auth/firebase","https://www.googleapis.com/auth/cloud-platform"]
[debug] [2025-03-20T03:30:34.978Z] > authorizing via signed-in user (ruaperezmoises@gmail.com)
[info] 
     ######## #### ########  ######## ########     ###     ######  ########
     ##        ##  ##     ## ##       ##     ##  ##   ##  ##       ##
     ######    ##  ########  ######   ########  #########  ######  ######
     ##        ##  ##    ##  ##       ##     ## ##     ##       ## ##
     ##       #### ##     ## ######## ########  ##     ##  ######  ########

You're about to initialize a Firebase project in this directory:

  C:\Users\VICTUS\Desktop\smile-ecommerce

[info] 
=== Project Setup
[info] 
[info] First, let's associate this project directory with a Firebase project.
[info] You can create multiple project aliases by running firebase use --add, 
[info] but for now we'll just set up a default project.
[info] 
[info] i  If you want to create a project in a Google Cloud organization or folder, please use "firebase projects:create" instead, and return to this command when you've created the project. 
[debug] [2025-03-20T03:32:09.306Z] Checked if tokens are valid: true, expires at: 1742444890454
[debug] [2025-03-20T03:32:09.306Z] Checked if tokens are valid: true, expires at: 1742444890454
[debug] [2025-03-20T03:32:09.307Z] >>> [apiv2][query] POST https://cloudresourcemanager.googleapis.com/v1/projects [none]
[debug] [2025-03-20T03:32:09.307Z] >>> [apiv2][body] POST https://cloudresourcemanager.googleapis.com/v1/projects {"projectId":"smilewebshop","name":"SmileShop"}
[debug] [2025-03-20T03:32:10.450Z] <<< [apiv2][status] POST https://cloudresourcemanager.googleapis.com/v1/projects 200
[debug] [2025-03-20T03:32:10.450Z] <<< [apiv2][body] POST https://cloudresourcemanager.googleapis.com/v1/projects {"name":"operations/create_project.global.8861014330575817089"}
[debug] [2025-03-20T03:32:10.451Z] Checked if tokens are valid: true, expires at: 1742444890454
[debug] [2025-03-20T03:32:10.451Z] Checked if tokens are valid: true, expires at: 1742444890454
[debug] [2025-03-20T03:32:10.451Z] >>> [apiv2][query] GET https://cloudresourcemanager.googleapis.com/v1/operations/create_project.global.8861014330575817089 [none]
[debug] [2025-03-20T03:32:11.348Z] <<< [apiv2][status] GET https://cloudresourcemanager.googleapis.com/v1/operations/create_project.global.8861014330575817089 200
[debug] [2025-03-20T03:32:11.349Z] <<< [apiv2][body] GET https://cloudresourcemanager.googleapis.com/v1/operations/create_project.global.8861014330575817089 {"name":"operations/create_project.global.8861014330575817089"}
[debug] [2025-03-20T03:32:11.857Z] [Project Creation Poller] Retrying task index 0
[debug] [2025-03-20T03:32:11.857Z] Checked if tokens are valid: true, expires at: 1742444890454
[debug] [2025-03-20T03:32:11.857Z] Checked if tokens are valid: true, expires at: 1742444890454
[debug] [2025-03-20T03:32:11.857Z] >>> [apiv2][query] GET https://cloudresourcemanager.googleapis.com/v1/operations/create_project.global.8861014330575817089 [none]
[debug] [2025-03-20T03:32:12.110Z] <<< [apiv2][status] GET https://cloudresourcemanager.googleapis.com/v1/operations/create_project.global.8861014330575817089 200
[debug] [2025-03-20T03:32:12.110Z] <<< [apiv2][body] GET https://cloudresourcemanager.googleapis.com/v1/operations/create_project.global.8861014330575817089 {"name":"operations/create_project.global.8861014330575817089","metadata":{"@type":"type.googleapis.com/google.cloudresourcemanager.v1.ProjectCreationStatus","gettable":true,"ready":true},"done":true,"response":{"@type":"type.googleapis.com/google.cloudresourcemanager.v1.Project","projectNumber":"46965833746","projectId":"smilewebshop","lifecycleState":"ACTIVE","name":"SmileShop","createTime":"2025-03-20T03:32:13.223684Z"}}
[debug] [2025-03-20T03:32:12.111Z] Checked if tokens are valid: true, expires at: 1742444890454
[debug] [2025-03-20T03:32:12.111Z] Checked if tokens are valid: true, expires at: 1742444890454
[debug] [2025-03-20T03:32:12.111Z] >>> [apiv2][query] POST https://firebase.googleapis.com/v1beta1/projects/smilewebshop:addFirebase [none]
[debug] [2025-03-20T03:32:13.281Z] <<< [apiv2][status] POST https://firebase.googleapis.com/v1beta1/projects/smilewebshop:addFirebase 403
[debug] [2025-03-20T03:32:13.281Z] <<< [apiv2][body] POST https://firebase.googleapis.com/v1beta1/projects/smilewebshop:addFirebase {"error":{"code":403,"message":"The caller does not have permission","status":"PERMISSION_DENIED"}}
[debug] [2025-03-20T03:32:13.282Z] Request to https://firebase.googleapis.com/v1beta1/projects/smilewebshop:addFirebase had HTTP Error: 403, The caller does not have permission
[debug] [2025-03-20T03:32:13.399Z] FirebaseError: Request to https://firebase.googleapis.com/v1beta1/projects/smilewebshop:addFirebase had HTTP Error: 403, The caller does not have permission
    at responseToError (C:\Users\VICTUS\AppData\Roaming\npm\node_modules\firebase-tools\lib\responseToError.js:52:12)
    at RetryOperation._fn (C:\Users\VICTUS\AppData\Roaming\npm\node_modules\firebase-tools\lib\apiv2.js:312:77)
    at process.processTicksAndRejections (node:internal/process/task_queues:105:5)
[error] 
[error] Error: Failed to add Firebase to Google Cloud Platform project. See firebase-debug.log for more info.
